<?xml version="1.0" encoding="utf-8"?><testsuites name="pytest tests"><testsuite name="pytest" errors="0" failures="0" skipped="0" tests="32" time="63.618" timestamp="2026-09-23T05:55:37.952440+00:00" hostname="agent-env-c26ff154-1b2c-4d6e-b5e9-ba797d3c6245"><testcase classname="tests.test_braders_e2e.TestAuth" name="test_health" time="0.146" /><testcase classname="tests.test_braders_e2e.TestAuth" name="test_login_bad_password" time="0.430" /><testcase classname="tests.test_braders_e2e.TestAuth" name="test_me_all_roles" time="1.553" /><testcase classname="tests.test_braders_e2e.TestRoleGuards" name="test_staff_forbidden_on_financial_report" time="0.162" /><testcase classname="tests.test_braders_e2e.TestRoleGuards" name="test_staff_forbidden_on_product_create" time="0.155" /><testcase classname="tests.test_braders_e2e.TestRoleGuards" name="test_owner_can_read_financial" time="0.181" /><testcase classname="tests.test_braders_e2e.TestPOSCash" name="test_cash_sale_deducts_inventory_and_computes_cogs" time="0.638" /><testcase classname="tests.test_braders_e2e.TestPOSCash" name="test_cash_underpayment_rejected" time="0.280" /><testcase classname="tests.test_braders_e2e.TestDiscounts" name="test_percent_discount" time="0.303" /><testcase classname="tests.test_braders_e2e.TestDiscounts" name="test_promo_lezatoss10" time="0.317" /><testcase classname="tests.test_braders_e2e.TestDiscounts" name="test_promo_below_min_rejected" time="1.592" /><testcase classname="tests.test_braders_e2e.TestQRIS" name="test_qris_creation_pending_no_deduction" time="0.578" /><testcase classname="tests.test_braders_e2e.TestQRIS" name="test_qris_simulate_paid_then_idempotent" time="1.164" /><testcase classname="tests.test_braders_e2e.TestQRIS" name="test_qris_mismatch_returns_422" time="0.416" /><testcase classname="tests.test_braders_e2e.TestQRIS" name="test_qris_expire_no_deduction" time="0.760" /><testcase classname="tests.test_braders_e2e.TestQRIS" name="test_qris_retry_creates_new_payment" time="40.417" /><testcase classname="tests.test_braders_e2e.TestVoid" name="test_void_paid_sale_restores" time="3.147" /><testcase classname="tests.test_braders_e2e.TestVoid" name="test_void_staff_forbidden" time="0.468" /><testcase classname="tests.test_braders_e2e.TestHPPRecompute" name="test_products_have_est_hpp" time="0.150" /><testcase classname="tests.test_braders_e2e.TestHPPRecompute" name="test_ingredient_cost_update_recomputes_hpp" time="3.034" /><testcase classname="tests.test_braders_e2e.TestPurchasesExpenses" name="test_purchase_increases_stock_and_updates_avg_cost" time="5.627" /><testcase classname="tests.test_braders_e2e.TestPurchasesExpenses" name="test_expense_records" time="0.157" /><testcase classname="tests.test_braders_e2e.TestCashSession" name="test_open_tx_close" time="0.623" /><testcase classname="tests.test_braders_e2e.TestReports" name="test_financial_pnl_math" time="0.131" /><testcase classname="tests.test_braders_e2e.TestReports" name="test_sales_report_shape" time="0.113" /><testcase classname="tests.test_braders_e2e.TestReports" name="test_csv_export[pnl]" time="0.129" /><testcase classname="tests.test_braders_e2e.TestReports" name="test_csv_export[sales]" time="0.153" /><testcase classname="tests.test_braders_e2e.TestReports" name="test_csv_export[expenses]" time="0.149" /><testcase classname="tests.test_braders_e2e.TestReports" name="test_csv_export[inventory]" time="0.136" /><testcase classname="tests.test_braders_e2e.TestReports" name="test_csv_export[purchases]" time="0.154" /><testcase classname="tests.test_braders_e2e.TestReports" name="test_csv_export[products]" time="0.160" /><testcase classname="tests.test_braders_e2e.TestDashboard" name="test_dashboard" time="0.138" /></testsuite></testsuites>